[2024-06-25 18:06:17.343] [[34mDEBUG[0m] [/data/zjs_project/learn/AdvancedLogger/mian.cpp:11] [main] è°ƒè¯•ä¿¡æ¯ï¼šå˜é‡ x = 888.36
[2024-06-25 18:06:17.343] [[32mINFO[0m] [/data/zjs_project/learn/AdvancedLogger/mian.cpp:12] [main] ä¿¡æ¯æ¶ˆæ¯ï¼šé”® æ˜¯ å€¼
[2024-06-25 18:06:17.343] [[32mINFO[0m] [/data/zjs_project/learn/AdvancedLogger/mian.cpp:13] [main] è¿™æ˜¯ä¸€æ¡ä¿¡æ¯æ—¥å¿—
[2024-06-25 18:06:17.343] [[33mWARNING[0m] [/data/zjs_project/learn/AdvancedLogger/mian.cpp:14] [main] è¿™æ˜¯ä¸€æ¡è­¦å‘Šæ—¥å¿—
[2024-06-25 18:06:17.343] [[31mERROR[0m] [/data/zjs_project/learn/AdvancedLogger/mian.cpp:15] [main] è¿™æ˜¯ä¸€æ¡é”™è¯¯æ—¥å¿—
[2024-06-25 18:06:17.343] [[34mDEBUG[0m] [/data/zjs_project/learn/AdvancedLogger/mian.cpp:16] [main] è¿™æ˜¯ä¸€æ¡è°ƒè¯•æ—¥å¿—
[2024-06-25 18:06:17.343] [[35mCRITICAL[0m] [/data/zjs_project/learn/AdvancedLogger/mian.cpp:17] [main] è¿™æ˜¯ä¸€æ¡å…³é”®æ—¥å¿—
[2024-06-25 18:06:17.344] [[36mTRACE[0m] [/data/zjs_project/learn/AdvancedLogger/mian.cpp:18] [main] è¿™æ˜¯ä¸€æ¡è·Ÿè¸ªæ—¥å¿—
[2024-06-25 18:09:47.954] [[34mDEBUG[0m] [/data/zjs_project/learn/AdvancedLogger/mian.cpp:11] [main] è°ƒè¯•ä¿¡æ¯ï¼šå˜é‡ x = 888.36
[2024-06-25 18:09:47.954] [[32mINFO[0m] [/data/zjs_project/learn/AdvancedLogger/mian.cpp:12] [main] ä¿¡æ¯æ¶ˆæ¯ï¼šé”® æ˜¯ å€¼
[2024-06-25 18:09:47.954] [[32mINFO[0m] [/data/zjs_project/learn/AdvancedLogger/mian.cpp:13] [main] è¿™æ˜¯ä¸€æ¡ä¿¡æ¯æ—¥å¿—
[2024-06-25 18:09:47.954] [[33mWARNING[0m] [/data/zjs_project/learn/AdvancedLogger/mian.cpp:14] [main] è¿™æ˜¯ä¸€æ¡è­¦å‘Šæ—¥å¿—
[2024-06-25 18:09:47.954] [[31mERROR[0m] [/data/zjs_project/learn/AdvancedLogger/mian.cpp:15] [main] è¿™æ˜¯ä¸€æ¡é”™è¯¯æ—¥å¿—
[2024-06-25 18:09:47.954] [[34mDEBUG[0m] [/data/zjs_project/learn/AdvancedLogger/mian.cpp:16] [main] è¿™æ˜¯ä¸€æ¡è°ƒè¯•æ—¥å¿—
[2024-06-25 18:09:47.954] [[35mCRITICAL[0m] [/data/zjs_project/learn/AdvancedLogger/mian.cpp:17] [main] è¿™æ˜¯ä¸€æ¡å…³é”®æ—¥å¿—
[2024-06-25 18:09:47.954] [[36mTRACE[0m] [/data/zjs_project/learn/AdvancedLogger/mian.cpp:18] [main] è¿™æ˜¯ä¸€æ¡è·Ÿè¸ªæ—¥å¿—
[2024-06-25 18:16:04.402] [[34mDEBUG[0m] [/data/zjs_project/learn/AdvancedLogger/mian.cpp:11] [main] è°ƒè¯•ä¿¡æ¯ï¼šå˜é‡ x = 888.36
[2024-06-25 18:16:04.402] [[32mINFO[0m] [/data/zjs_project/learn/AdvancedLogger/mian.cpp:12] [main] ä¿¡æ¯æ¶ˆæ¯ï¼šé”® æ˜¯ å€¼
[2024-06-25 18:16:04.402] [[32mINFO[0m] [/data/zjs_project/learn/AdvancedLogger/mian.cpp:13] [main] è¿™æ˜¯ä¸€æ¡ä¿¡æ¯æ—¥å¿—
[2024-06-25 18:16:04.402] [[33mWARNING[0m] [/data/zjs_project/learn/AdvancedLogger/mian.cpp:14] [main] è¿™æ˜¯ä¸€æ¡è­¦å‘Šæ—¥å¿—
[2024-06-25 18:16:04.402] [[31mERROR[0m] [/data/zjs_project/learn/AdvancedLogger/mian.cpp:15] [main] è¿™æ˜¯ä¸€æ¡é”™è¯¯æ—¥å¿—
[2024-06-25 18:16:04.402] [[34mDEBUG[0m] [/data/zjs_project/learn/AdvancedLogger/mian.cpp:16] [main] è¿™æ˜¯ä¸€æ¡è°ƒè¯•æ—¥å¿—
[2024-06-25 18:16:04.402] [[35mCRITICAL[0m] [/data/zjs_project/learn/AdvancedLogger/mian.cpp:17] [main] è¿™æ˜¯ä¸€æ¡å…³é”®æ—¥å¿—
[2024-06-25 18:16:04.403] [[36mTRACE[0m] [/data/zjs_project/learn/AdvancedLogger/mian.cpp:18] [main] è¿™æ˜¯ä¸€æ¡è·Ÿè¸ªæ—¥å¿—
[2024-06-25 18:22:46.556] [[34mDEBUG[0m] [/data/zjs_project/learn/AdvancedLogger/mian.cpp:11] [main] è°ƒè¯•ä¿¡æ¯ï¼šå˜é‡ x = 888.36
[2024-06-25 18:22:46.557] [[32mINFO[0m] [/data/zjs_project/learn/AdvancedLogger/mian.cpp:12] [main] ä¿¡æ¯æ¶ˆæ¯ï¼šé”® æ˜¯ å€¼
[2024-06-25 18:22:46.557] [[32mINFO[0m] [/data/zjs_project/learn/AdvancedLogger/mian.cpp:13] [main] è¿™æ˜¯ä¸€æ¡ä¿¡æ¯æ—¥å¿—
[2024-06-25 18:22:46.557] [[33mWARNING[0m] [/data/zjs_project/learn/AdvancedLogger/mian.cpp:14] [main] è¿™æ˜¯ä¸€æ¡è­¦å‘Šæ—¥å¿—
[2024-06-25 18:22:46.557] [[31mERROR[0m] [/data/zjs_project/learn/AdvancedLogger/mian.cpp:15] [main] è¿™æ˜¯ä¸€æ¡é”™è¯¯æ—¥å¿—
[2024-06-25 18:22:46.557] [[34mDEBUG[0m] [/data/zjs_project/learn/AdvancedLogger/mian.cpp:16] [main] è¿™æ˜¯ä¸€æ¡è°ƒè¯•æ—¥å¿—
[2024-06-25 18:22:46.557] [[35mCRITICAL[0m] [/data/zjs_project/learn/AdvancedLogger/mian.cpp:17] [main] è¿™æ˜¯ä¸€æ¡å…³é”®æ—¥å¿—
[2024-06-25 18:22:46.557] [[36mTRACE[0m] [/data/zjs_project/learn/AdvancedLogger/mian.cpp:18] [main] è¿™æ˜¯ä¸€æ¡è·Ÿè¸ªæ—¥å¿—
